<?xml version="1.0" encoding="UTF-8"?>
<testsuite name="Darwin-c++"
	tests="294"
	failures="3"
	disabled="0"
	skipped="0"
	hostname="mbp-ok.mvl6.uni-tuebingen.de"
	time="32"
	timestamp="2026-05-15T19:10:59"
	>
	<testcase name="Socket_test" classname="Socket_test" time="0.457646" status="run">
		<properties/>
		<system-out>Version: 1.6.0
checking [EXTRA] simple asynchronous socket transmission to/from threaded server... passed
checking [EXTRA] simple synchronous socket transmission to/from threaded server... passed
PASSED
</system-out>
	</testcase>
	<testcase name="ClassTest_test" classname="ClassTest_test" time="0.0209305" status="run">
		<properties/>
		<system-out>Version: 1.6.0
checking "CHECK(string)"... passed
checking "RESULT"... passed
checking "NEW_TMP_FILE(filename)"... passed
checking "PRECISION(a)"... passed
checking "TEST_REAL_EQUAL(a, b)"... passed
checking "TEST_EQUAL(a, b)"... passed
checking "TEST_NOT_EQUAL(a, b)"... passed
checking "TEST_EXCEPTION(a, b)"... passed
checking "STATUS(a)"... passed
checking "TEST_FILE(filename, templatename)"... passed
checking "TEST_FILE_REGEXP(filename, templatename)"... passed
checking "ABORT_IF(condition)"... passed
checking "CAPTURE_OUTPUT_LEVEL(level)/COMPARE_OUTPUT(text)"... passed
PASSED
</system-out>
	</testcase>
	<testcase name="Debug_test" classname="Debug_test" time="0.0173895" status="run">
		<properties/>
		<system-out>Version: 1.6.0
checking BALL_PRECONDITION_EXCEPTION(condition, message)... passed
checking BALL_POSTCONDITION_EXCEPTION(condition, message)... passed
PASSED
</system-out>
	</testcase>
	<testcase name="RegularExpression_test" classname="RegularExpression_test" time="0.0178805" status="run">
		<properties/>
		<system-out>Version: 1.6.0
checking RegularExpression() throw()... passed
checking ~RegularExpression() throw()... passed
checking BALL_CREATE(RegularExpression)... passed
checking RegularExpression(const String&amp; pattern, bool wildcard_pattern = false) throw()... passed
checking RegularExpression(const RegularExpression&amp; regular_expression) throw()... passed
checking void clear() throw()... passed
checking void destroy() throw()... passed
checking void set(const String&amp; pattern, bool wildcard_pattern = false) throw()... passed
checking void set(const RegularExpression&amp; regular_expression) throw()... passed
checking void get(RegularExpression&amp; regular_expression) const throw()... passed
checking RegularExpression&amp; operator = (const RegularExpression&amp; expression) throw()... passed
checking const String&amp; getPattern() const throw()... passed
checking Size countSubexpressions() const throw()... passed
checking static bool match(const char* text, const char* pattern, int compile_flags = 0 | REG_EXTENDED | REG_NOSUB, int execut...
[This part of the test output was removed since it exceeds the threshold of 1024 bytes.]
</system-out>
	</testcase>
	<testcase name="GlobalTypes_test" classname="GlobalTypes_test" time="0.0185399" status="run">
		<properties/>
		<system-out>Version: 1.6.0
checking size of Distance... passed
checking size of Handle... passed
checking size of Index... passed
checking size of Size... passed
checking size of Time... passed
checking size of HashIndex... passed
checking size of Position... passed
checking size of Real... passed
checking size of DoubleReal... passed
checking size of Property... passed
checking size of ErrorCode... passed
checking size of Byte... passed
checking size of PointerSizeInt... passed
checking size of LongSize... passed
checking size of LongIndex... passed
PASSED
</system-out>
	</testcase>
	<testcase name="VersionInfo_test" classname="VersionInfo_test" time="0.0180363" status="run">
		<properties/>
		<system-out>Version: 1.6.0
checking static const char* getVersion() throw()... passed
checking static int getMajorRevision()... passed
checking static int getMinorRevision()... passed
checking static Type getType() throw()... passed
PASSED
</system-out>
	</testcase>
	<testcase name="RTTI_test" classname="RTTI_test" time="0.0189384" status="run">
		<properties/>
		<system-out>Version: 1.6.0
checking RTTI::isKindOf&lt;&gt;()... passed
checking RTTI::isInstanceOf&lt;&gt;()... passed
checking getDefault&lt;&gt;()... passed
checking getNew&lt;&gt;()... passed
checking getName&lt;&gt;()... passed
checking getStreamName&lt;&gt;()... passed
checking castTo&lt;&gt;()... passed
PASSED
</system-out>
	</testcase>
	<testcase name="MathsCommon_test" classname="MathsCommon_test" time="0.0185163" status="run">
		<properties/>
		<system-out>Version: 1.6.0
checking abs(const T&amp; t)... passed
checking frac(const T&amp; t)... passed
checking max(const T&amp; a, const T&amp; b)... passed
checking max(const T&amp; a, const T&amp; b, const T&amp; c)... passed
checking min(const T&amp; a, const T&amp; b)... passed
checking min(const T&amp; a, const T&amp; b, const T&amp; c)... passed
checking round(const T&amp; t)... passed
checking sgn(const T&amp; t)... passed
checking isFinite(const T&amp; t)... passed
checking isInfinite(const T&amp; t)... passed
checking isNan(const T&amp; t)... passed
checking isZero(const T&amp; t)... passed
checking isNotZero(const T&amp; t)... passed
checking isEqual(const T1&amp; a, const T2&amp; b)... passed
checking isNotEqual(const T1&amp; a, const T2&amp; b)... passed
checking isLess(const T1&amp; a, const T2&amp; b)... passed
checking isLessOrEqual(const T1&amp; a, const T2&amp; b)... passed
checking isGreater(const T1&amp; a, const T2&amp; b)... passed
checking isGreaterOrEqual(const T1&amp; a, const T2&amp; b)... passed
checking floor(const T1&amp; t)... passed
checking ceiling(const T&amp; t)... passed
checking compare(const T1&amp; a, const T2&amp; b)...
[This part of the test output was removed since it exceeds the threshold of 1024 bytes.]
</system-out>
	</testcase>
	<testcase name="AnalyticalGeometry_test" classname="AnalyticalGeometry_test" time="0.0174805" status="run">
		<properties/>
		<system-out>Version: 1.6.0
checking getDeterminant_(const T* m, Size dim)... passed
checking getDeterminant(const T* m, Size dim)... passed
checking getDeterminant2(const T* m)... passed
checking getDeterminant2(const T&amp; m00, const T&amp; m01, const T&amp; m10, const T&amp; m11)... passed
checking getDeterminant3(const T *m)... passed
checking getDeterminant3(const T&amp; m00, const T&amp; m01, const T&amp; m02, const T&amp; m10, const T&amp; m11, const T&amp; m12, const T&amp; m20, const T&amp; m21, const T&amp; m22)... passed
checking SolveSystem(const T* m, T* x, const Size dim)... passed
checking SolveSystem2(const T&amp; a1, const T&amp; b1, const T&amp; c1, const T&amp; a2, const T&amp; b2, const T&amp; c2, T&amp; x1, T&amp; x2)... passed
checking SolveSquaredEquality(const T&amp; a, const T&amp; b, const T &amp;c, T &amp;x1, T &amp;x2)... passed
checking GetPartition(const TVector3&lt;T&gt;&amp; a, const TVector3&lt;T&gt;&amp; b)... passed
checking GetPartition(const TVector3&lt;T&gt;&amp; a, const TVector3&lt;T&gt;&amp; b, const T&amp; r, const T&amp; s)... passed
checking GetDistance(const TVector3&lt;T&gt;&amp; a, const TVector3&lt;T&gt;&amp; b)... passed
checking GetDistance...
[This part of the test output was removed since it exceeds the threshold of 1024 bytes.]
</system-out>
	</testcase>
	<testcase name="Angle_test" classname="Angle_test" time="0.0184475" status="run">
		<properties/>
		<system-out>Version: 1.6.0
checking TAngle() throw()... passed
checking ~TAngle() throw()... passed
checking TAngle(const T&amp; new_value, bool radian = true) throw()... passed
checking TAngle(const TAngle&amp; angle) throw()... passed
checking void clear() throw()... passed
checking bool operator == (const TAngle&amp; angle) const throw()... passed
checking bool operator == (const T&amp; val) const throw()... passed
checking TAngle operator * (const T&amp; val, const TAngle&lt;T&gt;&amp; angle)... passed
checking TAngle operator + (const T&amp; val, const TAngle&lt;T&gt;&amp; angle)... passed
checking TAngle operator - (const T&amp; val, const TAngle&lt;T&gt;&amp; angle)... passed
checking BALL_CREATE(TAngle&lt;T&gt;)... passed
checking void swap(TAngle&amp; angle) throw()... passed
checking void set(const T&amp; new_value, bool radian = true) throw()... passed
checking void set(const TAngle&amp; angle) throw()... passed
checking TAngle&amp; operator = (const TAngle&amp; angle) throw()... passed
checking TAngle&amp; operator = (const T&amp; new_value) throw()... passed
checking void get(TAngle&amp; angle) const t...
[This part of the test output was removed since it exceeds the threshold of 1024 bytes.]
</system-out>
	</testcase>
	<testcase name="Vector2_test" classname="Vector2_test" time="0.0193163" status="run">
		<properties/>
		<system-out>Version: 1.6.0
checking TVector2() throw()... passed
checking ~TVector2() throw()... passed
checking BALL_CREATE(TVector2&lt;T&gt;)... passed
checking void clear() throw()... passed
checking const T&amp; operator [] (Position position) const... passed
checking TVector2(const T&amp; value) throw()... passed
checking TVector2(const T&amp; vx, const T&amp; vy) throw()... passed
checking TVector2(const TVector2&amp; vector) throw()... passed
checking void persistentWrite(PersistenceManager&amp; pm, const char* name = 0) const... passed
checking void persistentRead(PersistenceManager&amp; pm)... passed
checking void set(const T&amp; value) throw()... passed
checking void set(const T&amp; vx, const T&amp; vy) throw()... passed
checking void set(const TVector2&amp; vector) throw()... passed
checking TVector2&amp; operator = (const TVector2&amp; v) throw()... passed
checking TVector2&amp; operator = (const T* ptr)... passed
checking TVector2&amp; operator = (const T&amp; value) throw()... passed
checking T getLength() const throw()... passed
checking T getSquareLength() const throw().....
[This part of the test output was removed since it exceeds the threshold of 1024 bytes.]
</system-out>
	</testcase>
	<testcase name="Vector3_test" classname="Vector3_test" time="0.0185098" status="run">
		<properties/>
		<system-out>Version: 1.6.0
checking TVector3() throw()... passed
checking ~TVector3() throw()... passed
checking void clear() throw()... passed
checking T&amp; operator [] (Position position)... passed
checking TVector3(const T* ptr)... passed
checking TVector3(const T&amp; value) throw()... passed
checking TVector3(const T&amp; vx, const T&amp; vy, const T&amp; vz) throw()... passed
checking TVector3(const TVector3&amp; vector) throw()... passed
checking TVector3(const T&amp; r, const TAngle&lt;T&gt;&amp; phi, const TAngle&lt;T&gt;&amp; theta) throw()... passed
checking void write(PersistenceManager&amp; pm) const throw()... passed
checking bool read(PersistenceManager&amp; pm) throw()... passed
checking void set(const T* ptr)... passed
checking void set(const T&amp; value) throw()... passed
checking void set(const T&amp; vx, const T&amp; vy, const T&amp; vz) throw()... passed
checking void set(const TVector3&amp; vector) throw()... passed
checking void set(const T&amp; r, const TAngle&lt;T&gt;&amp; phi, const TAngle&lt;T&gt;&amp; theta) throw()... passed
checking TVector3&amp; operator = (const T* ptr)... passed
checking...
[This part of the test output was removed since it exceeds the threshold of 1024 bytes.]
</system-out>
	</testcase>
	<testcase name="Vector4_test" classname="Vector4_test" time="0.0190967" status="run">
		<properties/>
		<system-out>Version: 1.6.0
checking TVector4() throw()... passed
checking ~TVector4() throw()... passed
checking void clear() throw()... passed
checking const T&amp; operator [] (Position position) const... passed
checking TVector4(const T* ptr)... passed
checking TVector4(const T&amp; value) throw()... passed
checking TVector4(const T&amp; x, const T&amp; y, const T&amp; z, const T&amp; h = (T)1) throw()... passed
checking TVector4(const TVector4&amp; vector) throw()... passed
checking TVector4 operator + (const TVector4&lt;T&gt;&amp; a, const TVector4&lt;T&gt;&amp; b)... passed
checking TVector4 operator - (const TVector4&lt;T&gt;&amp; a, const TVector4&lt;T&gt;&amp; b)... passed
checking TVector4 operator * (const TVector4&lt;T&gt;&amp; b) throw()... passed
checking std::istream&amp; operator &gt;&gt; (std::istream&amp; s, TVector4&lt;T&gt;&amp; vector)... passed
checking std::ostream&amp; operator &lt;&lt; (std::ostream&amp; s, const TVector4&lt;T&gt;&amp; vector)... passed
checking BALL_CREATE(TVector4&lt;T&gt;)... passed
checking T getLength() const throw()... passed
checking T getSquareLength() const throw()... passed
checking TVector4&amp; normal...
[This part of the test output was removed since it exceeds the threshold of 1024 bytes.]
</system-out>
	</testcase>
	<testcase name="Quaternion_test" classname="Quaternion_test" time="0.0186925" status="run">
		<properties/>
		<system-out>Version: 1.6.0
checking BALL_CREATE(TQuaternion&lt;T&gt;)... passed
checking TQuaternion()... passed
checking ~TQuaternion()... passed
checking TQuaternion(const TQuaternion&amp; q)... passed
checking TQuaternion(const Eigen::Quaternion&lt;T&gt;&amp; q)... passed
checking TQuaternion(const T&amp; w, const T&amp; i, const T&amp; j, const T&amp; k)... passed
checking TQuaternion(const TVector3&lt;T&gt;&amp; axis, const T&amp; new_angle)... passed
checking void clear()... passed
checking void set(const TQuaternion&amp; q)... passed
checking void set(const Eigen::Quaternion&lt;T&gt;&amp; q)... passed
checking void set(const TVector3&lt;T&gt;&amp; axis, const T&amp; angle)... passed
checking void set(const T&amp; w, const T&amp; i, const T&amp; j, const T&amp; k)... passed
checking TQuaternion&amp; operator = (const TQuaternion&amp; q)... passed
checking void set(const Eigen::Quaternion&lt;T&gt;&amp; q)... passed
checking void setIdentity()... passed
checking TQuaternion&lt;T&gt;&amp; normalize()... passed
checking void swap(TQuaternion&amp; q)... passed
checking void fromAxisAngle(const TVector3&lt;T&gt;&amp; axis, const T&amp; angle)... passed
check...
[This part of the test output was removed since it exceeds the threshold of 1024 bytes.]
</system-out>
	</testcase>
	<testcase name="Matrix44_test1" classname="Matrix44_test1" time="0.018253" status="run">
		<properties/>
		<system-out>Version: 1.6.0
checking BALL_CREATE(TMatrix4x4)... passed
checking TMatrix4x4() throw()... passed
checking ~TMatrix4x4() throw()... passed
checking TMatrix4x4(const T&amp; m11, const T&amp; m12, const T&amp; m13, const T&amp; m14, const T&amp; m21, const T&amp; m22, const T&amp; m23, const T&amp; m24, const T&amp; m31, const T&amp; m32, const T&amp; m33, const T&amp; m34, const T&amp; m41, const T&amp; m42, const T&amp; m43, const T&amp; m44) throw()... passed
checking bool operator == (const TMatrix4x4&amp; m) const throw()... passed
checking TMatrix4x4(const TMatrix4x4&amp; m) throw()... passed
checking TMatrix4x4(const T* ptr)... passed
checking TMatrix4x4(const T ptr[4][4])... passed
checking TMatrix4x4(const TVector4&lt;T&gt;&amp; col1, const TVector4&lt;T&gt;&amp; col2, const TVector4&lt;T&gt;&amp; col3, const TVector4&lt;T&gt;&amp; col4) throw()... passed
checking void set(const T* ptr)... passed
checking void set(const T ptr[4][4])... passed
checking void set(const TMatrix4x4&amp; m) throw()... passed
checking void set(const TVector4&lt;T&gt;&amp; col1, const TVector4&lt;T&gt;&amp; col2, const TVector4&lt;T&gt;&amp; col3, const TVector4&lt;T&gt;&amp; col...
[This part of the test output was removed since it exceeds the threshold of 1024 bytes.]
</system-out>
	</testcase>
	<testcase name="Matrix44_test2" classname="Matrix44_test2" time="0.0182239" status="run">
		<properties/>
		<system-out>Version: 1.6.0
checking TMatrix4x4 operator + () const throw()... passed
checking TMatrix4x4 operator - () const throw()... passed
checking TMatrix4x4 operator + (const TMatrix4x4&amp; m) const throw()... passed
checking TMatrix4x4&amp; operator += (const TMatrix4x4&amp; m) throw()... passed
checking TMatrix4x4 operator - (const TMatrix4x4&amp; m) const throw()... passed
checking TMatrix4x4&amp; operator -= (const TMatrix4x4&amp; m) throw()... passed
checking TMatrix4x4 operator * (const T&amp; scalar) const throw()... passed
checking TMatrix4x4&amp; operator *= (const T&amp; scalar) throw()... passed
checking TMatrix4x4 operator / (const T&amp; scalar) const... passed
checking TMatrix4x4&amp; operator /= (const T&amp; scalar)... passed
checking TMatrix4x4 operator * (const TMatrix4x4&amp; m) const throw()... passed
checking TMatrix4x4&amp; operator *= (const TMatrix4x4&amp; m) throw()... passed
checking TVector4&lt;T&gt; operator * (const TVector4&lt;T&gt;&amp; vector) const throw()... passed
checking bool invert(TMatrix4x4&amp; inverse) const throw()... passed
checking bool invert() th...
[This part of the test output was removed since it exceeds the threshold of 1024 bytes.]
</system-out>
	</testcase>
	<testcase name="NumericalIntegrator_test" classname="NumericalIntegrator_test" time="0.0173715" status="run">
		<properties/>
		<system-out>Version: 1.6.0
checking NumericalIntegrator() throw()... passed
checking ~NumericalIntegrator() throw()... passed
checking BALL_CREATE(NumericalIntegrator)... passed
checking NumericalIntegrator(const NumericalIntegrator&amp; nint) throw()... passed
checking NumericalIntegrator&amp; operator = (const NumericalIntegrator&amp; nint) throw()... passed
checking bool operator == (const NumericalIntegrator&amp; nint) const throw()... passed
checking void setFunction(const Function&amp; function) throw()... passed
checking const Function&amp; getFunction() const throw()... passed
checking DataType getValue(const DataType&amp; x) const throw()... passed
checking DataType integrate(const DataType&amp; from, const DataType&amp; to) const throw()... passed
PASSED
</system-out>
	</testcase>
	<testcase name="Line3_test" classname="Line3_test" time="0.0182702" status="run">
		<properties/>
		<system-out>Version: 1.6.0
checking BALL_CREATE(TLine3&lt;T&gt;)... passed
checking TLine3() throw()... passed
checking ~TLine3() throw()... passed
checking TLine3(const TVector3&lt;T&gt;&amp; point, const TVector3&lt;T&gt;&amp; vector, Form form = FORM__PARAMETER) throw()... passed
checking bool operator == (const TLine3&amp; line) const throw()... passed
checking void swap(TLine3&amp; line) throw()... passed
checking void set(const TVector3&lt;T&gt;&amp; point, const TVector3&lt;T&gt;&amp; vector, Form form = FORM__PARAMETER) throw()... passed
checking void get(TLine3&amp; line) const throw()... passed
checking void normalize() throw()... passed
checking bool operator != (const TLine3&amp; line) const throw()... passed
checking bool has(const TVector3&lt;T&gt;&amp; point) const throw()... passed
checking bool isValid() const throw()... passed
checking std::istream&amp; operator &gt;&gt; (std::istream&amp; s, TLine3&lt;T&gt;&amp; line)... passed
checking std::ostream&amp; operator &lt;&lt; (std::ostream&amp; s, const TLine3&lt;T&gt;&amp; line)... passed
checking void dump(std::ostream&amp; s = std::cout, Size depth = 0) const throw()... pass...
[This part of the test output was removed since it exceeds the threshold of 1024 bytes.]
</system-out>
	</testcase>
	<testcase name="Circle3_test" classname="Circle3_test" time="0.017942" status="run">
		<properties/>
		<system-out>Version: 1.6.0
checking BALL_CREATE(TCircle3&lt;T&gt;)... passed
checking TCircle3() throw()... passed
checking ~TCircle3() throw()... passed
checking TCircle3(const TVector3&lt;T&gt;&amp; point, const TVector3&lt;T&gt;&amp; normal, const T&amp; radius) throw()... passed
checking bool operator == (const TCircle3&amp; circle) const throw()... passed
checking TCircle3(const TCircle3&amp; circle) throw()... passed
checking void swap(TCircle3&amp; circle) throw()... passed
checking void set(const TCircle3&amp; circle) throw()... passed
checking void set(const TVector3&lt;T&gt;&amp; point, const TVector3&lt;T&gt;&amp; normal, const T&amp; rad) throw()... passed
checking void get(TCircle3&amp; circle) const throw()... passed
checking bool isValid() const throw()... passed
checking bool operator != (const TCircle3&amp; circle) const throw()... passed
checking bool has(const TVector3&lt;T&gt;&amp; point, bool on_surface = false) const throw()... passed
checking void dump(std::ostream&amp; s = std::cout, Size depth = 0) const throw()... passed
checking std::istream&amp; operator &gt;&gt; (std::istream&amp; s, TCircle3&amp; ci...
[This part of the test output was removed since it exceeds the threshold of 1024 bytes.]
</system-out>
	</testcase>
	<testcase name="SimpleBox3_test" classname="SimpleBox3_test" time="0.0183594" status="run">
		<properties/>
		<system-out>Version: 1.6.0
checking BALL_CREATE(TSimpleBox3&lt;T&gt;)... passed
checking TSimpleBox3() throw()... passed
checking ~TSimpleBox3() throw()... passed
checking TSimpleBox3(const T&amp; ax, const T&amp; ay, const T&amp; az, const T&amp; bx, const T&amp; by, const T&amp; bz) throw()... passed
checking void get(T&amp; ax, T&amp; ay, T&amp; az, T&amp; bx, T&amp; by, T&amp; bz) throw()... passed
checking TSimpleBox3(const TSimpleBox3&amp; box) throw()... passed
checking TSimpleBox3(const TVector3&lt;T&gt;&amp; a, const TVector3&lt;T&gt;&amp; b) throw()... passed
checking void clear() throw()... passed
checking T getSurface() const throw()... passed
checking T getVolume() const throw()... passed
checking T getWidth() const throw()... passed
checking T getHeight() const throw()... passed
checking T getDepth() const throw()... passed
checking void join(const TSimpleBox3&amp; box) throw()... passed
checking bool operator == (const TSimpleBox3&amp; box) const throw()... passed
checking bool operator != (const TSimpleBox3&amp; box) const throw()... passed
checking bool isValid() const throw()... passed
check...
[This part of the test output was removed since it exceeds the threshold of 1024 bytes.]
</system-out>
	</testcase>
	<testcase name="Box3_test" classname="Box3_test" time="0.0175978" status="run">
		<properties/>
		<system-out>Version: 1.6.0
PASSED
</system-out>
	</testcase>
	<testcase name="Plane3_test" classname="Plane3_test" time="0.0181416" status="run">
		<properties/>
		<system-out>Version: 1.6.0
checking BALL_CREATE(TPlane3&lt;T&gt;)... passed
checking TPlane3() throw()... passed
checking ~TPlane3() throw()... passed
checking bool operator == (const TPlane3&amp; plane) const throw()... passed
checking bool operator != (const TPlane3&amp; plane) const throw()... passed
checking void get(TPlane3&amp; plane) const throw()... passed
checking void set(const TPlane3&amp; plane) throw()... passed
checking void set(const TVector3&lt;T&gt;&amp; point, const TVector3&lt;T&gt;&amp; normal) throw()... passed
checking TPlane3&amp; operator = (const TPlane3&amp; plane) throw()... passed
checking void get(TVector3&lt;T&gt;&amp; point, TVector3&lt;T&gt;&amp; normal) const throw()... passed
checking bool has(const TVector3&lt;T&gt;&amp; point) const throw()... passed
checking bool has(const TLine3&lt;T&gt;&amp; line) const throw()... passed
checking void swap(TPlane3&amp; plane) throw()... passed
checking void normalize()... passed
checking void hessify() throw()... passed
checking bool isValid() const throw()... passed
checking std::istream&amp; operator &gt;&gt; (std::istream&amp; s, TPlane3&amp; plane)... pas...
[This part of the test output was removed since it exceeds the threshold of 1024 bytes.]
</system-out>
	</testcase>
	<testcase name="Sphere3_test" classname="Sphere3_test" time="0.0184365" status="run">
		<properties/>
		<system-out>Version: 1.6.0
checking BALL_CREATE(TSphere3)... passed
checking TSphere3() throw()... passed
checking ~TSphere3() throw()... passed
checking TSphere3(const TVector3&lt;T&gt;&amp; point, const T&amp; radius) throw()... passed
checking TSphere3(const TSphere3&amp; sphere) throw()... passed
checking void swap(TSphere3&amp; sphere) throw()... passed
checking bool operator == (const TSphere3&amp; sphere) const throw()... passed
checking bool operator != (const TSphere3&amp; sphere) const throw()... passed
checking void set(const TSphere3&amp; sphere) throw()... passed
checking void set(const TVector3&lt;T&gt;&amp; point, const T&amp; r) throw()... passed
checking TSphere3&amp; operator = (const TSphere3&amp; sphere) throw()... passed
checking void get(TSphere3&amp; sphere) const throw()... passed
checking void get(TVector3&lt;T&gt;&amp; point, T&amp; r) const throw()... passed
checking bool has(const TVector3&lt;T&gt;&amp; point, bool on_surface = false) const throw()... passed
checking bool isEmpty() const throw()... passed
checking bool isValid() const throw()... passed
checking void dump(std:...
[This part of the test output was removed since it exceeds the threshold of 1024 bytes.]
</system-out>
	</testcase>
	<testcase name="Surface_test" classname="Surface_test" time="0.0185492" status="run">
		<properties/>
		<system-out>Version: 1.6.0
checking TSurface() throw()... passed
checking ~TSurface() throw()... passed
checking Size getNumberOfTriangles() const throw()... passed
checking Size getNumberOfVertices() const throw()... passed
checking Size getNumberOfNormals() const throw()... passed
checking void pushBackTriangle(const Triangle&amp; triangle) throw()... passed
checking const Triangle&amp; getTriangle(Position index) const throw()... passed
checking Triangle&amp; getTriangle(Position index) throw()... passed
checking void pushBackVertex(const Vertex&amp; vertex) throw()... passed
checking void pushBackNormal(const Normal&amp; n) throw()... passed
checking Vertex&amp; getVertex(Position index) throw()... passed
checking const Vertex&amp; getVertex(Position index) const throw()... passed
checking Normal&amp; getNormal(Position index) throw()... passed
checking const Normal&amp; getNormal(Position index) const throw()... passed
checking void clearTriangles()... passed
checking void clearVertices()... passed
checking void clearNormals()... passed
checking void ...
[This part of the test output was removed since it exceeds the threshold of 1024 bytes.]
</system-out>
	</testcase>
	<testcase name="Function_test" classname="Function_test" time="0.0183655" status="run">
		<properties/>
		<system-out>Version: 1.6.0
checking MutableConstant::MutableConstant()... passed
checking MutableConstant::~MutableConstant()... passed
checking MutableConstant::MutableConstant(DataType constant)... passed
checking MutableConstant::MutableConstant(const MutableConstant&amp; constant)... passed
checking MutableConstant::operator = (const MutableConstant&amp; constant)... passed
checking MutableConstant::operator == (const MutableConstant&amp; constant)... passed
checking MutableConstant::operator () ()... passed
checking MutableConstant::setConstant()... passed
checking MutableConstant::getConstant()... passed
checking Addition() throw()... passed
checking ~Addition() throw()... passed
checking Addition(const Addition&amp; add) throw()... passed
checking Addition operator = (const Addition&amp; add) throw()... passed
checking bool operator == (const Addition&amp; add) throw()... passed
checking operator () ()... passed
checking getFirst()... passed
checking setFirst()... passed
checking getSecond()... passed
checking setSecond()... passed
check...
[This part of the test output was removed since it exceeds the threshold of 1024 bytes.]
</system-out>
	</testcase>
	<testcase name="PiecewiseFunction_test" classname="PiecewiseFunction_test" time="0.0180722" status="run">
		<properties/>
		<system-out>Version: 1.6.0
checking PiecewiseFunction() throw()... passed
checking ~PiecewiseFunction() throw()... passed
checking PiecewiseFunction(const PiecewiseFunction&amp; function) throw()... passed
checking PiecewiseFunction(const std::vector&lt;Interval&gt;&amp; intervals, const std::vector&lt;Coefficients&gt;&amp; coeffs) throw()... passed
checking void clear() throw()... passed
checking void set(const std::vector&lt;Interval&gt;&amp; intervals, const std::vector&lt;Coefficients&gt;&amp; coeffs) throw()... passed
checking PiecewiseFunction&amp; operator = (const PiecewiseFunction&amp; function) throw()... PiecewiseFunction::getCoefficients(): No coefficients defined.
PiecewiseFunction::getCoefficients(): No coefficients defined.
passed
checking void setIntervals(const std::vector&lt;Interval&gt;&amp; intervals) throw()... passed
checking const Interval&amp; getInterval(double x) const... passed
checking const Interval&amp; getInterval(Position index) const... passed
checking Position getIntervalIndex(double x) const... passed
checking const Interval&amp; getRange() const throw()... p...
[This part of the test output was removed since it exceeds the threshold of 1024 bytes.]
</system-out>
	</testcase>
	<testcase name="PiecewisePolynomial_test" classname="PiecewisePolynomial_test" time="0.0171584" status="run">
		<properties/>
		<system-out>Version: 1.6.0
checking PiecewisePolynomial() throw()... passed
checking ~PiecewisePolynomial() throw()... passed
checking PiecewisePolynomial(const PiecewisePolynomial&amp; polynomial) throw()... passed
checking PiecewisePolynomial(Size degree, const std::vector&lt;Interval&gt;&amp; intervals, const std::vector&lt;Coefficients&gt;&amp; coefficients) throw()... passed
checking void clear() throw()... PiecewiseFunction::getCoefficients(): No coefficients defined.
passed
checking void set(Size degree, const std::vector&lt;Interval&gt;&amp; intervals, const std::vector&lt;Coefficients&gt;&amp; coeffs) throw()... passed
checking PiecewisePolynomial&amp; operator = (const PiecewisePolynomial&amp; poly) throw()... PiecewiseFunction::getCoefficients(): No coefficients defined.
PiecewiseFunction::getCoefficients(): No coefficients defined.
passed
checking void setDegree(Size degree) throw()... passed
checking Size getDegree() const throw()... passed
checking setIntervals(const std::vector&lt;Interval&gt;&amp; intervals)... passed
checking getInterval(double x) const throw()... ...
[This part of the test output was removed since it exceeds the threshold of 1024 bytes.]
</system-out>
	</testcase>
	<testcase name="Directory_test" classname="Directory_test" time="0.0269946" status="fail">
		<failure message="Failed"/>
		<properties/>
		<system-out>Version: 1.6.0
checking [EXTRA]prerequisites... passed
checking Directory()... passed
checking ~Directory()... passed
checking bool setCurrent(String directory_path)... 
    (line 98 TEST_EQUAL(path, test_dir): got /private/tmp/ball-v160-test/test/data/Directory_test, expected /tmp/ball-v160-test/test/data/Directory_test)  - 
    (line 105 TEST_EQUAL(path, test_dir + "/dir_a"): got /private/tmp/ball-v160-test/test/data/Directory_test/dir_a, expected /tmp/ball-v160-test/test/data/Directory_test/dir_a)  - 
    (line 111 TEST_EQUAL(path, test_dir + "/dir_a"): got /private/tmp/ball-v160-test/test/data/Directory_test/dir_a, expected /tmp/ball-v160-test/test/data/Directory_test/dir_a)  - 
    FAILED
checking Directory(const String&amp; directory_path, bool set_current = false)... passed
checking Directory(const Directory&amp; directory)... passed
checking void clear()... passed
checking void destroy()... passed
checking bool set(const String&amp; directory_path, bool set_current = false)... 
    (line 160 TEST_EQUAL(d.getPath(), test_dir + "/dir_a/dir_c"): got /private/tmp/ball-v160-test/test/data/Directory_test/dir_a/dir_c, expected /tmp/ball-v160-test/test/data/Directory_test/dir_a/dir_c)  - 
    FAILED
checking void set(const Directory&amp; directory)... 
    (line 171 TEST_EQUAL(d1.getPath(), test_dir + "/dir_a"): got /private/tmp/ball-v160-test/test/data/Directory_test/dir_a, expected /tmp/ball-v160-test/test/data/Directory_test/dir_a)  - 
    FAILED
checking Directory&amp; operator = (const Directory&amp; directory)... 
    (line 178 TEST_EQUAL(d1.getPath(), test_dir + "/dir_a"): got /private/tmp/ball-v160-test/test/data/Directory_test/dir_a, expected /tmp/ball-v160-test/test/data/Directory_test/dir_a)  - 
    FAILED
checking const String&amp; getPath() const... 
    (line 185 TEST_EQUAL(d1.getPath(), test_dir + "/dir_a"): got /private/tmp/ball-v160-test/test/data/Directory_test/dir_a, expected /tmp/ball-v160-test/test/data/Directory_test/dir_a)  - 
    FAILED
checking void get(Directory&amp; directory) const... 
    (line 192 TEST_EQUAL(d1.getPath(), test_dir + "/dir_a"): got /private/tmp/ball-v160-test/test/data/Directory_test/dir_a, expected /tmp/ball-v160-test/test/data/Directory_test/dir_a)  - 
    FAILED
checking bool create(String path, const mode_t&amp; mode = 0777)... passed
checking bool getNextEntry(String&amp; entry)... passed
checking Size countItems()... passed
checking Size countFiles()... passed
checking Size countDirectories()... passed
checking bool remove(String old_path)... passed
checking bool rename(String old_path, String new_path)... passed
checking bool renameTo(String new_path)... passed
checking bool getFirstEntry(String&amp; entry)... passed
checking bool find(const String&amp; filename, String&amp; filepath)... passed
checking bool has(const String&amp; item)... passed
checking bool isCurrent() const... passed
checking bool isEmpty()... passed
checking bool operator == (const Directory&amp; directory) const... passed
checking bool operator != (const Directory&amp; directory) const... passed
checking bool isValid() const... passed
checking bool remove()... passed
checking bool setCurrent()... passed
checking String getUserHomeDir()... passed
checking bool changeToUserHomeDir()... passed
checking [Extra]cleanup... passed
FAILED
</system-out>
	</testcase>
	<testcase name="FileSystem_test" classname="FileSystem_test" time="0.0185648" status="run">
		<properties/>
		<system-out>Version: 1.6.0
checking canonizePath(String&amp; path) -- expansion of tilde... passed
checking canonizePath(String&amp; path) -- removal of duplicate path separators... passed
checking canonizePath(String&amp; path) -- expansion of relative paths... passed
checking baseName(const String&amp; filename)... passed
checking fileExtension(const String&amp; filename)... passed
checking path(const String&amp; filename)... passed
PASSED
</system-out>
	</testcase>
	<testcase name="File_test1" classname="File_test1" time="0.0221361" status="run">
		<properties/>
		<system-out>Version: 1.6.0
checking File() throw()... passed
checking ~File() throw()... passed
checking File(const String&amp; name, OpenMode open_mode = std::ios::in)... passed
checking void close() throw()... passed
checking bool open(const String&amp; name, File::OpenMode open_mode = std::ios::in)... passed
checking bool reopen()... passed
checking const String&amp; getName() const throw()... passed
checking Size getSize() throw()... passed
checking static Size getSize(String name)... passed
checking File::OpenMode getOpenMode() const throw()... passed
checking static Type getType(String name, bool trace_link)... passed
checking Type getType(bool trace_link) const... passed
checking static bool copy(String source_name, String destination_name, Size buffer_size = 4096)... passed
checking bool copyTo(const String&amp; destination_name, Size buffer_size = 4096)... passed
checking static bool move(const String&amp; source_name, const String&amp; destination_name)... passed
checking bool moveTo(const String&amp; destination_name)... passed
checking ...
[This part of the test output was removed since it exceeds the threshold of 1024 bytes.]
</system-out>
	</testcase>
	<testcase name="File_test2" classname="File_test2" time="0.0184666" status="run">
		<properties/>
		<system-out>Version: 1.6.0
checking bool operator == (const File&amp; file) const throw()... passed
checking bool operator != (const File&amp; file) const throw()... passed
checking static bool isAccessible(String name)... passed
checking bool isAccessible() const throw()... passed
checking bool isCanonized() const... passed
checking static bool isReadable(String name)... passed
checking bool isReadable() const... passed
checking static bool isWritable(String name)... passed
checking bool isWritable() const... passed
checking static bool isExecutable(String name)... passed
checking bool isExecutable() const... passed
checking bool isValid() const throw()... passed
checking bool isOpen() const throw()... passed
checking bool isClosed() const throw()... passed
checking std::fstream&amp; getFileStream()... passed
checking void clear() throw()... passed
checking bool reopen(File::OpenMode open_mode)... passed
checking void setName(const String&amp; name) throw()... passed
checking const String&amp; getOriginalName() const... passed
checking Tra...
[This part of the test output was removed since it exceeds the threshold of 1024 bytes.]
</system-out>
	</testcase>
	<testcase name="Path_test" classname="Path_test" time="0.0175203" status="run">
		<properties/>
		<system-out>Version: 1.6.0
checking Path()... passed
checking string getDataPath()... passed
checking void setDataPath(const string&amp; path)... passed
checking void addDataPath(const string&amp; path)... passed
checking string getDefaultDataPath()... passed
checking string find(const string&amp; name)... passed
checking string findStrict(const string&amp; name)... passed
checking [extra]Singleton... passed
PASSED
</system-out>
	</testcase>
	<testcase name="PreciseTime_test" classname="PreciseTime_test" time="0.020318" status="run">
		<properties/>
		<system-out>Version: 1.6.0
checking PreciseTime::PreciseTime()... passed
checking PreciseTime::~PreciseTime()... passed
checking PreciseTime::getSeconds() const... passed
checking PreciseTime::getMicroSeconds() const... passed
checking PreciseTime::set(long secs, long usecs) throw()... passed
checking PreciseTime::PreciseTime(const PreciseTime&amp; time)... passed
checking PreciseTime::set(const PreciseTime&amp; time) throw()... passed
checking PreciseTime::PreciseTime&amp; operator = (const PreciseTime&amp; time) throw()... passed
checking void PreciseTime::clear() throw()... passed
checking PreciseTime::bool operator &lt; (const PreciseTime&amp; time) const throw()... passed
checking PreciseTime::bool operator &gt; (const PreciseTime&amp; time) const throw()... passed
checking PreciseTime::bool operator == (const PreciseTime&amp; time) const throw()... passed
checking PreciseTime::now()... passed
checking PreciseTime::write(PersistenceManager&amp; pm) const... passed
checking PreciseTime::read(PersistenceManager&amp; pm)... passed
checking ostream&amp; operator &lt;&lt;...
[This part of the test output was removed since it exceeds the threshold of 1024 bytes.]
</system-out>
	</testcase>
	<testcase name="Sysinfo_test" classname="Sysinfo_test" time="0.0184792" status="run">
		<properties/>
		<system-out>Version: 1.6.0
checking getFreeMemory()... passed
checking getAvailableMemory()... passed
checking getTotalMemory()... passed
checking getBufferedMemory()... passed
checking getFreeSwapSpace()... passed
checking getUptime()... passed
checking getNumberOfProcessors()... passed
PASSED
</system-out>
	</testcase>
	<testcase name="Timer_test" classname="Timer_test" time="5.43031" status="run">
		<properties/>
		<system-out>Version: 1.6.0
checking Timer()... passed
checking ~Timer()... passed
checking Timer(Timer&amp; timer)... passed
checking void clear()... passed
checking bool start()... passed
checking bool stop()... passed
checking void reset()... passed
checking double getClockTime() const... passed
checking double getUserTime() const... passed
checking double getSystemTime() const... passed
checking double getCPUTime() const... passed
checking Timer&amp; operator = (const Timer&amp; timer)... passed
checking bool isRunning() const... passed
checking bool operator == (const Timer&amp; timer) const... passed
checking bool operator != (const Timer&amp; timer) const... passed
checking bool operator &lt; (const Timer&amp; timer) const... passed
checking bool operator &lt;= (const Timer&amp; timer) const... passed
checking bool operator &gt;= (const Timer&amp; timer) const... passed
checking bool operator &gt; (const Timer&amp; timer) const... passed
checking bool isValid() const... passed
checking void dump(::std::ostream&amp; s = ::std::cout, Size depth = 0L) const... passed
P...
[This part of the test output was removed since it exceeds the threshold of 1024 bytes.]
</system-out>
	</testcase>
	<testcase name="TimeStamp_test" classname="TimeStamp_test" time="0.075388" status="run">
		<properties/>
		<system-out>Version: 1.6.0
checking TimeStamp::TimeStamp()... passed
checking TimeStamp::~TimeStamp()... passed
checking TimeStamp::getTime() const throw()... passed
checking TimeStamp::isNewerThan(const Time&amp; time) const throw()... passed
checking TimeStamp::isOlderThan(const Time&amp; time) const throw()... passed
checking TimeStamp::isNewerThan(const TimeStamp&amp; stamp) const throw()... passed
checking TimeStamp::isOlderThan(const TimeStamp&amp; stamp) const throw()... passed
checking TimeStamp::stamp(const Time&amp; time = ZERO) throw()... passed
checking TimeStamp::write(PersistenceManager&amp; pm) const... passed
checking TimeStamp::read(PersistenceManager&amp; pm)... passed
checking TimeStamp::operator &lt;&lt; (std::ostream&amp; os, const TimeStamp&amp; ts)... passed
PASSED
</system-out>
	</testcase>
	<testcase name="TransformationManager_test" classname="TransformationManager_test" time="0.0171712" status="run">
		<properties/>
		<system-out>Version: 1.6.0
checking TransformationManger::TransformationManager()... passed
checking TransformationManger::~TransformationManager()... passed
checking TransformationManager::registerTransformation(const String&amp; pattern, const String&amp; command)... passed
checking TransformationManager::findTransformation(const String&amp; name) const... passed
checking TransformationManager::unregisterTransformation(const String&amp; pattern)... passed
checking TransformationManager::transform(const String&amp; name)... passed
PASSED
</system-out>
	</testcase>
	<testcase name="Bit_test" classname="Bit_test" time="0.016857" status="run">
		<properties/>
		<system-out>Version: 1.6.0
checking Bit()... passed
checking ~Bit()... passed
checking Bit(BitVector* bitvector, Index index = 0)... passed
checking BALL_CREATE(Bit)... passed
checking Bit(const BitVector* const bitvector, Index index = 0)... passed
checking Bit(const Bit&amp; bit)... passed
checking operator bool()... passed
checking operator = (const Bit&amp; bit)... passed
checking operator = (bool bit)... passed
checking clear()... passed
checking operator == (const Bit&amp; bit)... passed
checking operator == (const bool bit)... passed
checking operator != (const Bit&amp; bit)... passed
checking operator != (const bool bit)... passed
checking IllegalOperation(const char* file, int line)... passed
PASSED
</system-out>
	</testcase>
	<testcase name="BitVector_test1" classname="BitVector_test1" time="0.0164097" status="run">
		<properties/>
		<system-out>Version: 1.6.0
checking BitVector() throw()... passed
checking ~BitVector() throw()... passed
checking void setSize(Size size, bool keep = true)... passed
checking Size getSize() const throw()... passed
checking BALL_CREATE(BitVector)... passed
checking BitVector(Size size)... passed
checking BitVector(const BitVector&amp; bit_vector)... passed
checking BitVector(const char* bit_string)... passed
checking void clear() throw()... passed
checking void set(const BitVector&amp; bit_vector)... passed
checking void set(const char* bit_string)... passed
checking BitVector&amp; operator = (const BitVector&amp; bit_vector)... passed
checking BitVector&amp; operator = (const char *bit_string)... passed
checking void get(BitVector&amp; bitvector) const... passed
checking BitVector operator () (Index first, Index last) const... passed
checking Size countValue(bool value) const throw()... passed
checking VectorType&amp; getBitSet() throw()... passed
checking const VectorType&amp; getBitSet() const throw()... passed
checking Bit operator [] (Index index)...
[This part of the test output was removed since it exceeds the threshold of 1024 bytes.]
</system-out>
	</testcase>
	<testcase name="BitVector_test2" classname="BitVector_test2" time="0.0173091" status="run">
		<properties/>
		<system-out>Version: 1.6.0
checking unsigned char getUnsignedChar() const throw()... passed
checking void setUnsignedShort(unsigned short bit_pattern) throw()... passed
checking unsigned short getUnsignedShort() const throw()... passed
checking void setUnsignedInt(unsigned int bit_pattern) throw()... passed
checking unsigned int getUnsignedInt() const throw()... passed
checking void setUnsignedLong(unsigned long bit_pattern) throw()... passed
checking unsigned long getUnsignedLong() const throw()... passed
checking void bitwiseOr(const BitVector&amp; bit_vector)... passed
checking void bitwiseXor(const BitVector&amp; bit_vector)... passed
checking void bitwiseAnd(const BitVector&amp; bit_vector)... passed
checking BitVector operator | (const BitVector&amp; bit_vector)... passed
checking BitVector&amp; operator |= (const BitVector&amp; bit_vector)... passed
checking BitVector operator &amp; (const BitVector&amp; bit_vector)... passed
checking BitVector&amp; operator &amp;= (const BitVector&amp; bit_vector)... passed
checking BitVector operator ^ (const BitVector&amp; b...
[This part of the test output was removed since it exceeds the threshold of 1024 bytes.]
</system-out>
	</testcase>
	<testcase name="Contour_test" classname="Contour_test" time="0.0165412" status="run">
		<properties/>
		<system-out>Version: 1.6.0
checking BALL_CREATE(TContour&lt;T&gt;)... passed
checking TContour(Size num_lines=0, double start=0, double end=0)... passed
checking TContour(const TContour&amp; contour)... passed
checking bool getNextContourLine(TContourLine&lt;T&gt;&amp; contour)... passed
checking bool operator == (const TContour&amp; contour) const... passed
checking const TContour&amp; operator = (const TContour&amp; assigTContour)... passed
checking void apply(TRegularData2D&lt;T&gt;&amp; data)... passed
checking void clear()... passed
checking void resetCounter()... passed
checking ~TContour()... passed
PASSED
</system-out>
	</testcase>
	<testcase name="ContourLine_test" classname="ContourLine_test" time="0.0162197" status="run">
		<properties/>
		<system-out>Version: 1.6.0
checking TContourLine(T height = 0)... passed
checking ~TContourLine()... passed
checking TContourLine(const TContourLine&amp; copyTContourLine)... passed
checking bool getNextPoint(PointType &amp;p)... passed
checking bool operator == (const TContourLine&amp; compTContourLine) const... passed
checking const TContourLine&amp; operator = (const TContourLine&amp; assigTContourLine)... passed
checking void clear()... passed
checking void createContourLine(TRegularData2D&lt;T&gt;&amp; from)... passed
checking void interpol12()... passed
checking void interpol18()... passed
checking void interpol24()... passed
checking void interpol48()... passed
checking void resetCounter()... passed
PASSED
</system-out>
	</testcase>
	<testcase name="Hash_test" classname="Hash_test" time="0.0166352" status="run">
		<properties/>
		<system-out>Version: 1.6.0
checking [EXTRA] HashIndexhashString(const char* str)... passed
checking [EXTRA] hashPJWString(const char* str)... passed
checking [EXTRA] hashElfString(const char* str)... passed
checking [EXTRA] Hash(const T&amp; key)... passed
checking [EXTRA] HashIndex Hash(const string&amp; s)... passed
checking [EXTRA] HashIndex Hash(const String&amp; s)... passed
checking [EXTRA] HashIndex Hash(void *const&amp; ptr)... passed
checking [EXTRA] HashIndex getNextPrime(HashIndex l)... passed
PASSED
</system-out>
	</testcase>
	<testcase name="HashMap_test" classname="HashMap_test" time="0.0163422" status="run">
		<properties/>
		<system-out>Version: 1.6.0
checking T&amp; operator [] (const Key&amp; key) throw()... passed
checking const T&amp; operator [] (const Key&amp; key) const... passed
checking bool has(const Key&amp; key) const throw()... passed
checking bool operator == (const HashMap&amp; hash_map) const throw()... passed
checking bool operator != (const HashMap&amp; hash_map) const throw()... passed
PASSED
</system-out>
	</testcase>
	<testcase name="StringHashMap_test" classname="StringHashMap_test" time="0.0170425" status="run">
		<properties/>
		<system-out>Version: 1.6.0
checking StringHashMap() throw()... passed
checking ~StringHashMap() throw()... passed
checking Size getSize() const throw()... passed
checking (std::pair&lt;Iterator, bool&gt; insert(const ValueType&amp; obj) throw())... passed
checking (::std::pair&lt;Iterator, bool&gt; insert(const String&amp; key, const Value&amp; value) throw())... passed
checking [EXTRA] find(const String&amp; key)... passed
checking [EXTRA]StringHashMap::erase(const KeyType&amp; key)... passed
checking StringHashMap(const StringHashMap&amp; map) throw()... passed
checking void destroy() throw()... passed
checking void set(const StringHashMap&amp; hash_map) throw()... passed
checking void get(StringHashMap&amp; hash_map) const throw()... passed
checking void swap(StringHashMap&amp; hash_map) throw()... passed
checking const StringHashMap&amp; operator = (const StringHashMap&amp; hash_map) throw()... passed
checking void host(Visitor&lt;StringHashMap&lt;Value&gt; &gt;&amp; visitor) throw()... passed
checking bool has(const String&amp; key) const throw()... passed
checking bool isEmpty() const thro...
[This part of the test output was removed since it exceeds the threshold of 1024 bytes.]
</system-out>
	</testcase>
	<testcase name="HashSet_test1" classname="HashSet_test1" time="0.0161784" status="run">
		<properties/>
		<system-out>Version: 1.6.0
checking HashSet(Size initial_capacity = INITIAL_CAPACITY, Size number_of_buckets = INITIAL_NUMBER_OF_BUCKETS) throw()... passed
checking ~HashSet() throw()... passed
checking Size size() const throw()... passed
checking Size getSize() const throw()... passed
checking HashSet(const HashSet&amp; hash_set) throw()... passed
checking void clear() throw()... passed
checking void destroy() throw()... passed
checking void set(const HashSet&amp; hash_set) throw()... passed
checking void get(HashSet&amp; hash_set) const throw()... passed
checking void swap(HashSet&amp; hash_set) throw()... passed
checking const HashSet&amp; operator = (const HashSet&amp; rhs) throw()... passed
checking const HashSet&amp; operator &amp;= (const HashSet&amp; rhs) throw()... passed
checking const HashSet&amp; operator |= (const HashSet&amp; rhs) throw()... passed
checking HashSet operator &amp; (const HashSet&amp; rhs) const throw()... passed
checking HashSet operator | (const HashSet&amp; rhs) const throw()... passed
checking const HashSet&amp; operator += (const HashSet&amp; rhs) th...
[This part of the test output was removed since it exceeds the threshold of 1024 bytes.]
</system-out>
	</testcase>
	<testcase name="HashSet_test2" classname="HashSet_test2" time="0.0171443" status="run">
		<properties/>
		<system-out>Version: 1.6.0
checking Size getBucketSize() const throw()... passed
checking Size getCapacity() const throw()... passed
checking (std::pair&lt;Iterator, bool&gt; insert(const ValueType&amp; item) throw())... passed
checking Iterator find(const Key&amp; key) throw()... passed
checking ConstIterator find(const Key&amp; key) const throw()... passed
checking Size erase(const KeyType&amp; key) throw()... passed
checking void erase(Iterator f, Iterator l)... passed
checking void erase(Iterator pos)... passed
checking void host(Visitor&lt;HashSet&lt;Key&gt; &gt;&amp; visitor) throw()... passed
checking bool has(const Key&amp; key) const throw()... passed
checking bool isEmpty() const throw()... passed
checking bool operator == (const HashSet&amp; hash_set) const throw()... passed
checking bool operator != (const HashSet&amp; hash_set) const throw()... passed
checking void dump(std::ostream&amp; s = std::cout, Size depth = 0) const throw()... passed
checking bool isValid() const throw()... passed
checking [EXTRA] HashSet::apply(UnaryProcessor)... passed
checking [EXTRA...
[This part of the test output was removed since it exceeds the threshold of 1024 bytes.]
</system-out>
	</testcase>
	<testcase name="HashGrid3_test" classname="HashGrid3_test" time="0.0179633" status="run">
		<properties/>
		<system-out>Version: 1.6.0
checking HashGrid3() throw()... passed
checking ~HashGrid3() throw()... passed
checking HashGrid3(const Vector3&amp; origin, Size dimension_x, Size dimension_y, Size dimension_z, float spacing_x, float spacing_y, float spacing_z) throw()... passed
checking HashGrid3(const Vector3&amp; origin, Size dimension_x, Size dimension_y, Size dimension_z, float spacing) throw()... passed
checking HashGrid3(const Vector3&amp; origin, const Vector3&amp; size, float spacing) throw()... passed
checking BALL_CREATE(HashGrid3)... passed
checking void clear(Position x, Position y, Position z) throw()... passed
checking void clear(const Vector3 &amp;vector) throw()... passed
checking void destroy() throw()... passed
checking void destroy(Position x, Position y, Position z) throw()... passed
checking void destroy(const Vector3&amp; vector) throw()... passed
checking void dump(std::ostream&amp; s = std::cout, Size depth = 0) const throw()... passed
checking void get(HashGrid3&amp; grid, bool deep = true) const throw()... passed
checking void get...
[This part of the test output was removed since it exceeds the threshold of 1024 bytes.]
</system-out>
	</testcase>
	<testcase name="HashGridBox3_test" classname="HashGridBox3_test" time="0.016792" status="run">
		<properties/>
		<system-out>Version: 1.6.0
checking HashGridBox3() throw()... passed
checking ~HashGridBox3() throw()... passed
checking void clear() throw()... passed
checking void destroy() throw()... passed
checking Item* find(const Item &amp;item) throw()... passed
checking const Item* find(const Item&amp; item) const throw()... passed
checking Size getSize() const throw()... passed
checking void insert(const Item&amp; item) throw()... passed
checking bool remove(const Item&amp; item) throw()... passed
checking bool removeAll(const Item&amp; item) throw()... passed
checking bool operator == (const HashGridBox3&amp; box) const throw()... passed
checking bool operator != (const HashGridBox3&amp; box) const throw()... passed
checking bool has(const Item&amp; item) const throw()... passed
checking bool isEmpty() const throw()... passed
checking bool isValid() const throw()... passed
checking void dump(std::ostream&amp; s = std::cout, Size depth = 0) const throw()... passed
checking bool apply(UnaryProcessor&lt;Item&gt;&amp; processor) throw()... passed
checking bool apply(UnaryProc...
[This part of the test output was removed since it exceeds the threshold of 1024 bytes.]
</system-out>
	</testcase>
	<testcase name="HashGrid3DataIteratorTraits_test" classname="HashGrid3DataIteratorTraits_test" time="0.0164042" status="run">
		<properties/>
		<system-out>Version: 1.6.0
checking BALL_CREATE_DEEP(DataIteratorTraits)... passed
checking DataIteratorPosition&amp; getPosition() throw()... passed
checking DataIteratorTraits() throw()... passed
checking DataIteratorTraits(const DataIteratorTraits&amp; traits, bool = true) throw()... passed
checking DataIteratorTraits(const HashGridBox3&amp; box) throw()... passed
checking HashGridBox3* getContainer() throw()... passed
checking Item&amp; getData() throw()... passed
checking bool isBegin() const throw()... passed
checking bool isEnd() const throw()... passed
checking bool isSingular() const throw()... passed
checking bool isValid() const throw()... passed
checking bool operator != (const DataIteratorTraits &amp;traits) const throw()... passed
checking bool operator == (const DataIteratorTraits &amp;traits) const throw()... passed
checking const DataIteratorPosition&amp; getPosition() const throw()... passed
checking const DataIteratorTraits&amp; operator = (const DataIteratorTraits &amp;traits) throw()... passed
checking const HashGridBox3* getContainer(...
[This part of the test output was removed since it exceeds the threshold of 1024 bytes.]
</system-out>
	</testcase>
	<testcase name="HashGrid3BoxIteratorTraits_test" classname="HashGrid3BoxIteratorTraits_test" time="0.0161473" status="run">
		<properties/>
		<system-out>Version: 1.6.0
checking BoxIteratorTraits() throw()... passed
checking [EXTRA]~BoxIteratorTraits() throw()... passed
checking BALL_CREATE_DEEP(BoxIteratorTraits)... passed
checking BoxIteratorPosition&amp; getPosition() throw()... passed
checking BoxIteratorTraits(const BoxIteratorTraits&amp; traits, bool = true) throw()... passed
checking BoxIteratorTraits(const HashGridBox3&amp; box) throw()... passed
checking HashGridBox3* getContainer() throw()... passed
checking HashGridBox3&lt;Item&gt;&amp; getData() throw()... passed
checking bool isBegin() const throw()... passed
checking bool isEnd() const throw()... passed
checking bool isSingular() const throw()... passed
checking bool isValid() const throw()... passed
checking bool operator != (const BoxIteratorTraits&amp; traits) const throw()... passed
checking bool operator == (const BoxIteratorTraits&amp; traits) const throw()... passed
checking const BoxIteratorPosition&amp; getPosition() const throw()... passed
checking const BoxIteratorTraits&amp; operator = (const BoxIteratorTraits&amp; traits) th...
[This part of the test output was removed since it exceeds the threshold of 1024 bytes.]
</system-out>
	</testcase>
	<testcase name="HashGrid3DataItem_test" classname="HashGrid3DataItem_test" time="0.0163075" status="run">
		<properties/>
		<system-out>Version: 1.6.0
checking DataItem_(const Item&amp; item, DataItem_* next) throw()... passed
PASSED
</system-out>
	</testcase>
	<testcase name="HashGrid3NeighborBoxItem_test" classname="HashGrid3NeighborBoxItem_test" time="0.0165641" status="run">
		<properties/>
		<system-out>Version: 1.6.0
checking HashGrid3 boxNeighbours... passed
PASSED
</system-out>
	</testcase>
	<testcase name="Options_test" classname="Options_test" time="0.0185543" status="run">
		<properties/>
		<system-out>Version: 1.6.0
checking Options() throw()... passed
checking ~Options() throw()... passed
checking void setName(const String&amp; name) throw()... passed
checking const String&amp; getName() const throw()... passed
checking Options(const Options&amp; options) throw()... passed
checking void setBool(const String&amp; key, const bool value) throw()... passed
checking bool getBool(const String&amp; key) const throw()... passed
checking void setReal(const String&amp; key, const double value) throw()... passed
checking double getReal(const String&amp; key) const throw()... passed
checking void setVector(const String&amp; key, const Vector3&amp; value) throw()... passed
checking Vector3 getVector(const String&amp; key) const throw()... passed
checking void setInteger(const String&amp; key, const long value) throw()... passed
checking long getInteger(const String&amp; key) const throw()... passed
checking [EXTRA]has... passed
checking bool isInteger(const String&amp; key) const throw()... passed
checking bool isBool(const String&amp; key) const throw()... passed
checking...
[This part of the test output was removed since it exceeds the threshold of 1024 bytes.]
</system-out>
	</testcase>
	<testcase name="String_test1" classname="String_test1" time="0.0167257" status="run">
		<properties/>
		<system-out>Version: 1.6.0
checking String() throw()... passed
checking ~String() throw()... passed
checking [EXTRA]size() const throw()... passed
checking String(const String&amp; string) throw()... passed
checking String(const string&amp; string) throw()... passed
checking bool operator == (const char* char_ptr) const... passed
checking bool operator == (const String&amp; string) const throw()... passed
checking void* create(bool = true, bool empty = false) const throw()... passed
checking String(const String&amp; s, Index from, Size len = EndPos)... passed
checking String(const char* char_ptr, Index from = 0, Size len = EndPos)... passed
checking String(Size buffer_size, const char* format, ... )... passed
checking String(std::stringstream&amp; s) throw()... passed
checking String(std::strstream&amp; s) throw()... passed
checking String(const char c, Size len = 1) throw()... passed
checking String(const unsigned char uc) throw()... passed
checking String(short s) throw()... passed
PASSED
</system-out>
	</testcase>
	<testcase name="String_test2" classname="String_test2" time="0.0167945" status="run">
		<properties/>
		<system-out>Version: 1.6.0
checking String(unsigned short us) throw()... passed
checking String(int i) throw()... passed
checking String(unsigned int ui) throw()... passed
checking String(unsigned long) throw()... passed
checking String(long l) throw()... passed
checking String(float f) throw()... passed
checking String(double d) throw()... passed
checking void destroy() throw()... passed
checking void set(const String&amp; string, Index from = 0, Size len = EndPos)... passed
checking void set(const char* char_ptr, Index from = 0, Size len = EndPos)... passed
checking void set(Size buffer_size, const char *format, ...)... passed
checking void set(std::stringstream&amp; s) throw()... passed
checking void set(std::strstream&amp; s) throw()... passed
checking void set(char c, Size len = 1) throw()... passed
checking void set(unsigned char uc) throw()... passed
checking void set(short s) throw()... passed
checking void set(unsigned short us) throw()... passed
checking void set(int i) throw()... passed
checking void set(unsigned int ui) ...
[This part of the test output was removed since it exceeds the threshold of 1024 bytes.]
</system-out>
	</testcase>
	<testcase name="String_test3" classname="String_test3" time="0.0164" status="run">
		<properties/>
		<system-out>Version: 1.6.0
checking const String&amp; operator = (unsigned char uc) throw()... passed
checking const String&amp; operator = (short s) throw()... passed
checking const String&amp; operator = (unsigned short us) throw()... passed
checking const String&amp; operator = (int i) throw()... passed
checking const String&amp; operator = (unsigned int ui) throw()... passed
checking const String&amp; operator = (long l) throw()... passed
checking const String&amp; operator = (unsigned long ) throw()... passed
checking const String&amp; operator = (float f) throw()... passed
checking const String&amp; operator = (double d) throw()... passed
checking static void setCompareMode(CompareMode compare_mode) throw()... passed
checking static CompareMode getCompareMode() throw()... passed
checking bool toBool() const throw()... passed
checking char toChar() const throw()... passed
checking unsigned char toUnsignedChar() const throw()... passed
checking short toShort() const... passed
checking unsigned short toUnsignedShort() const... passed
checking int toInt(...
[This part of the test output was removed since it exceeds the threshold of 1024 bytes.]
</system-out>
	</testcase>
	<testcase name="String_test4" classname="String_test4" time="0.0165315" status="run">
		<properties/>
		<system-out>Version: 1.6.0
checking void toUpper(Index from = 0, Size len = EndPos)... passed
checking Substring getSubstring(Index from = 0, Size len = EndPos) const... passed
checking Substring operator () (Index from, Size len = EndPos) const... passed
checking Substring before(const String&amp; s, Index from = 0) const throw()... passed
checking Substring through(const String&amp; s, Index from = 0) const throw()... passed
checking Substring from(const String&amp; s, Index from = 0) const throw()... passed
checking Substring after(const String&amp; s, Index from = 0) const throw()... passed
checking Size countFields(const char* delimiters = CHARACTER_CLASS__WHITESPACE) const... passed
checking Size countFieldsQuoted(const char* delimiters = CHARACTER_CLASS__WHITESPACE, const char* quotes = CHARACTER_CLASS__QUOTES) const... passed
checking String getField(Index index, const char* delimiters = CHARACTER_CLASS__WHITESPACE, Index* from = 0) const... passed
checking String getFieldQuoted(Index index, const char* delimiters = CHARACTER_CL...
[This part of the test output was removed since it exceeds the threshold of 1024 bytes.]
</system-out>
	</testcase>
	<testcase name="String_test5" classname="String_test5" time="0.0167097" status="run">
		<properties/>
		<system-out>Version: 1.6.0
checking Size split(std::vector&lt;String&gt;&amp; strings, const char* delimiters = CHARACTER_CLASS__WHITESPACE, Index from = 0) const... passed
checking Size splitQuoted(std::vector&lt;String&gt;&amp; strings, const char* delimiters = CHARACTER_CLASS__WHITESPACE, const char* quotes = CHARACTER_CLASS__QUOTES, Index from = 0) const... passed
checking String&amp; trimLeft(const char* trimmed = CHARACTER_CLASS__WHITESPACE) throw()... passed
checking String&amp; trimRight(const char* trimmed = CHARACTER_CLASS__WHITESPACE) throw()... passed
checking String trim(const char* trimmed = CHARACTER_CLASS__WHITESPACE) const throw()... passed
checking String&amp; trim(const char* trimmed = CHARACTER_CLASS__WHITESPACE) throw()... passed
checking String&amp; truncate(Size size) throw()... passed
checking Substring left(Size len) const throw()... passed
checking Substring right(Size len) const throw()... passed
checking Substring instr(const String&amp; pattern, Index from = 0) const throw()... passed
checking String operator + (const string&amp; strin...
[This part of the test output was removed since it exceeds the threshold of 1024 bytes.]
</system-out>
	</testcase>
	<testcase name="String_test6" classname="String_test6" time="0.0164884" status="run">
		<properties/>
		<system-out>Version: 1.6.0
checking Size substitute(const String&amp; to_replace, const String&amp; replacing) throw()... passed
checking bool has(char c) const throw()... passed
checking bool hasSubstring(const String&amp; s, Index from = 0) const throw()... passed
checking bool hasPrefix(const String&amp; s) const throw()... passed
checking bool hasSuffix(const String&amp; s) const throw()... passed
checking bool isEmpty() const throw()... passed
checking static bool isAlpha(char c) throw()... passed
checking bool isAlnum() const throw()... passed
checking bool isDigit() const throw()... passed
checking bool isSpace() const throw()... passed
checking bool isWhitespace() const throw()... passed
checking bool isFloat() const throw()... passed
checking bool isAlpha() const throw()... passed
checking static bool isAlnum(char c) throw()... passed
checking static bool isDigit(char c) throw()... passed
checking static bool isWhitespace(char c) throw()... passed
checking static bool isSpace(char c) throw()... passed
checking int compare(const Str...
[This part of the test output was removed since it exceeds the threshold of 1024 bytes.]
</system-out>
	</testcase>
	<testcase name="String_test7" classname="String_test7" time="0.0165195" status="run">
		<properties/>
		<system-out>Version: 1.6.0
checking int compare(const char* char_ptr, Index from = 0) const... passed
checking int compare(const char* char_ptr, Index from, Size len) const... passed
checking int compare(char c, Index from = 0) const... passed
checking [EXTRA]bool operator == (const String&amp; string) const throw()... passed
checking bool operator != (const String&amp; string) const throw()... passed
checking bool operator &lt; (const String&amp; string) const throw()... passed
checking bool operator &lt;= (const String&amp; string) const throw()... passed
checking bool operator &gt; (const String&amp; string) const throw()... passed
checking bool operator &gt;= (const String&amp; string) const throw()... passed
checking friend bool operator == (const char* char_ptr, const String&amp; string)... passed
checking friend bool operator != (const char* char_ptr, const String&amp; string)... passed
checking friend bool operator &lt; (const char* char_ptr, const String&amp; string)... passed
checking friend bool operator &lt;= (const char* char_ptr, const String&amp; string)... passe...
[This part of the test output was removed since it exceeds the threshold of 1024 bytes.]
</system-out>
	</testcase>
	<testcase name="String_test8" classname="String_test8" time="0.0171866" status="run">
		<properties/>
		<system-out>Version: 1.6.0
checking [EXTRA]bool operator == (const char* char_ptr) const... passed
checking bool operator != (const char* char_ptr) const... passed
checking bool operator &lt; (const char* char_ptr) const... passed
checking bool operator &lt;= (const char* char_ptr) const... passed
checking bool operator &gt; (const char* char_ptr) const... passed
checking bool operator &gt;= (const char* char_ptr) const... passed
checking friend bool operator == (char c, const String&amp; string) throw()... passed
checking friend bool operator != (char c, const String&amp; string) throw()... passed
checking friend bool operator &lt; (char c, const String&amp; string) throw()... passed
checking friend bool operator &lt;= (char c, const String&amp; string) throw()... passed
checking friend bool operator &gt; (char c, const String&amp; string) throw()... passed
checking friend bool operator &gt;= (char c, const String&amp; string) throw()... passed
checking bool operator == (char c) const throw()... passed
checking bool operator != (char c) const throw()... passed
checki...
[This part of the test output was removed since it exceeds the threshold of 1024 bytes.]
</system-out>
	</testcase>
	<testcase name="Substring_test" classname="Substring_test" time="0.0178629" status="run">
		<properties/>
		<system-out>Version: 1.6.0
checking Substring() throw()... passed
checking ~Substring() throw()... passed
checking Substring(const Substring&amp; substring, bool deep = true) throw()... passed
checking Substring(const String&amp; string, Index from = 0, Size len = String::EndPos)... passed
checking Substring::~Substring()... passed
checking BALL_CREATE_DEEP(Substring)... passed
checking void destroy() throw()... passed
checking operator String() const... passed
checking String toString() const... passed
checking Substring&amp; bind(const String&amp; string, Index from = 0, Size len = String::EndPos)... passed
checking Substring&amp; bind(const Substring&amp; substring, Index from = 0, Size len = String::EndPos)... passed
checking void unbind() throw()... passed
checking String* getBoundString() throw()... passed
checking const String* getBoundString() const throw()... passed
checking void set(const String&amp; string)... passed
checking void set(const Substring&amp; s)... passed
checking void set(const char* char_ptr, Size size = String::EndPos)... pas...
[This part of the test output was removed since it exceeds the threshold of 1024 bytes.]
</system-out>
	</testcase>
	<testcase name="Triple_test" classname="Triple_test" time="0.0165296" status="run">
		<properties/>
		<system-out>Version: 1.6.0
checking BALL_CREATE(Triple)... passed
checking Triple() throw()... passed
checking ~Triple() throw()... passed
checking Triple(const Triple&amp; triple, bool deep = true) throw()... passed
checking Triple(const T1&amp; new_first, const T2&amp; new_second, const T3&amp; new_third) throw()... passed
checking void clear() throw()... passed
checking const Triple&amp; operator = (const Triple&amp; triple) throw()... passed
checking void set(const T1&amp; t1, const T2&amp; t2, const T3&amp; t3) throw()... passed
checking void get(T1&amp; first, T2&amp; second, T3&amp; third) const throw()... passed
checking bool operator == (const Triple&amp; triple) const throw()... passed
checking bool operator != (const Triple&amp; triple) const throw()... passed
checking bool operator &lt; (const Triple&amp; triple) const throw()... passed
checking bool operator &gt; (const Triple&amp; triple) const throw()... passed
checking bool operator &lt;= (const Triple&amp; triple) const throw()... passed
checking bool operator &gt;= (const Triple&amp; triple) const throw()... passed
PASSED
</system-out>
	</testcase>
	<testcase name="Quadruple_test" classname="Quadruple_test" time="0.0165724" status="run">
		<properties/>
		<system-out>Version: 1.6.0
checking BALL_CREATE(Quadruple)... passed
checking Quadruple() throw()... passed
checking ~Quadruple() throw()... passed
checking Quadruple(const Quadruple&amp; quadruple, bool deep = true) throw()... passed
checking Quadruple(const T1&amp; new_first, const T2&amp; new_second, const T3&amp; new_third, const T4&amp; new_fourth) throw()... passed
checking void clear() throw()... passed
checking const Quadruple&amp; operator = (const Quadruple&amp; quadruple) throw()... passed
checking void set(const T1&amp; t1, const T2&amp; t2, const T3&amp; t3, const T4&amp; t4) throw()... passed
checking void get(T1&amp; first, T2&amp; second, T3&amp; third, T4&amp; fourth) const throw()... passed
checking bool operator == (const Quadruple&amp; quadruple) const throw()... passed
checking bool operator != (const Quadruple&amp; quadruple) const throw()... passed
checking bool operator &lt; (const Quadruple&amp; quadruple) const throw()... passed
checking bool operator &gt; (const Quadruple&amp; quadruple) const throw()... passed
checking bool operator &lt;= (const Quadruple&amp; quadruple) const thr...
[This part of the test output was removed since it exceeds the threshold of 1024 bytes.]
</system-out>
	</testcase>
	<testcase name="RegularData1D_test1" classname="RegularData1D_test1" time="0.016754" status="run">
		<properties/>
		<system-out>Version: 1.6.0
checking TRegularData1D() throw()... passed
checking ~TRegularData1D() throw()... passed
checking TRegularData1D(const CoordinateType&amp; origin, const CoordinateType&amp; dimension, const CoordinateType&amp; spacing)... passed
checking TRegularData1D(const TRegularData1D&amp; data)... passed
checking TRegularData1D(const IndexType&amp; size)... passed
checking TRegularData1D(const VectorType&amp; data, const CoordinateType&amp; origin = 0.0, const CoordinateType&amp; dimension = 1.0)... passed
checking BALL_CREATE(TRegularData1D&lt;ValueType&gt;)... passed
checking void setOrigin(const CoordinateType&amp; origin) throw()... passed
checking void setDimension(const CoordinateType&amp; dimension) throw()... passed
checking void clear() throw()... passed
checking const TRegularData1D&amp; operator = (const TRegularData1D&lt;ValueType&gt;&amp; data)... passed
checking const TRegularData1D&amp; operator = (const VectorType&amp; data)... passed
checking bool operator == (const TRegularData1D&amp; data) const throw()... passed
checking const ValueType&amp; operator [] (const...
[This part of the test output was removed since it exceeds the threshold of 1024 bytes.]
</system-out>
	</testcase>
	<testcase name="RegularData1D_test2" classname="RegularData1D_test2" time="0.0164859" status="run">
		<properties/>
		<system-out>Version: 1.6.0
checking void rescale(const IndexType&amp; new_size)... passed
checking ConstIterator begin() const throw()... passed
checking ConstIterator end() const throw()... passed
checking Iterator begin() throw()... passed
checking Iterator end() throw()... passed
checking CoordinateType getCoordinates(const IndexType&amp; index) const... passed
checking IndexType getClosestIndex(const CoordinateType&amp; x) const... passed
checking IndexType getLowerIndex(const CoordinateType&amp; x) const... passed
checking ValueType getInterpolatedValue(const CoordinateType&amp; x) const... passed
checking ValueType operator () (const CoordinateType&amp; x) const throw()... passed
checking ValueType&amp; getClosestValue(const CoordinateType&amp; x)... passed
checking const ValueType&amp; getClosestValue(const CoordinateType&amp; x) const... passed
checking bool empty() const throw()... passed
checking bool isInside(const CoordinateType&amp; x) const throw()... passed
checking bool operator != (const TRegularData1D&amp; data) const throw()... passed
checking const...
[This part of the test output was removed since it exceeds the threshold of 1024 bytes.]
</system-out>
	</testcase>
	<testcase name="RegularData2D_test1" classname="RegularData2D_test1" time="0.0179598" status="run">
		<properties/>
		<system-out>Version: 1.6.0
checking TRegularData2D() throw()... passed
checking ~TRegularData2D() throw()... passed
checking size_type size() const throw()... passed
checking const CoordinateType&amp; getOrigin() const throw()... passed
checking void setOrigin(const CoordinateType&amp; origin) throw()... passed
checking const CoordinateType&amp; getDimension() const throw()... passed
checking void setDimension(const CoordinateType&amp; dimension) throw()... passed
checking const CoordinateType&amp; getSpacing() const throw()... passed
checking TRegularData2D(const CoordinateType&amp; origin, const CoordinateType&amp; dimension, const CoordinateType&amp; spacing)... passed
checking TRegularData2D(const TRegularData2D&lt;ValueType&gt;&amp; data)... passed
checking void clear() throw()... passed
checking bool operator == (const TRegularData2D&lt;ValueType&gt;&amp; data) const throw()... passed
checking const IndexType&amp; getSize() const throw()... passed
checking const ValueType&amp; getData(Position index) const... passed
checking ValueType&amp; operator [] (Position index) throw().....
[This part of the test output was removed since it exceeds the threshold of 1024 bytes.]
</system-out>
	</testcase>
	<testcase name="RegularData2D_test2" classname="RegularData2D_test2" time="0.0182129" status="run">
		<properties/>
		<system-out>Version: 1.6.0
checking IndexType getLowerIndex(const CoordinateType&amp; v) const... passed
checking IndexType()... passed
checking IndexType(Position p)... passed
checking IndexType(Position p, Position q)... passed
checking Iterator begin() throw()... passed
checking Iterator end() throw()... passed
checking TRegularData2D(const IndexType&amp; size, const CoordinateType&amp; origin = CoordinateType(0.0), const CoordinateType&amp; dimension = CoordinateType(1.0))... passed
checking ValueType operator () (const CoordinateType&amp; x) const throw()... passed
checking ValueType&amp; getClosestValue(const CoordinateType&amp; x)... passed
checking const ValueType&amp; getClosestValue(const CoordinateType&amp; x) const... passed
checking ValueType&amp; getData(Position index)... passed
checking ValueType&amp; getData(const IndexType&amp; index)... passed
checking const ValueType&amp; getData(const IndexType&amp; index) const... passed
checking bool empty() const throw()... passed
checking bool operator != (const TRegularData2D&lt;ValueType&gt;&amp; data) const throw()... passed...
[This part of the test output was removed since it exceeds the threshold of 1024 bytes.]
</system-out>
	</testcase>
	<testcase name="RegularData3D_test1" classname="RegularData3D_test1" time="0.0181707" status="run">
		<properties/>
		<system-out>Version: 1.6.0
checking TRegularData3D() throw()... passed
checking ~TRegularData3D() throw()... passed
checking TRegularData3D(const IndexType&amp; size, const CoordinateType&amp; origin = CoordinateType(0.0), const CoordinateType&amp; dimension = CoordinateType(1.0))... passed
checking TRegularData3D(const CoordinateType&amp; origin, const CoordinateType&amp; dimension, const CoordinateType&amp; spacing)... passed
checking size_type size() const throw()... passed
checking void resize(const IndexType&amp; size)... passed
checking TRegularData3D&amp; operator = (const TRegularData3D&lt;ValueType&gt;&amp; data)... passed
checking const IndexType&amp; getSize() const throw()... passed
checking const CoordinateType&amp; getSpacing() const throw()... passed
checking IndexType getClosestIndex(const CoordinateType&amp; v) const... passed
checking ValueType&amp; getClosestValue(const CoordinateType&amp; x)... passed
checking const ValueType&amp; getClosestValue(const CoordinateType&amp; x) const... passed
checking ValueType&amp; getData(Position index)... passed
[...]
checking PierottiCavFreeEnergyProcessor::~PierottiCavFreeEnergyProcessor()... passed
checking PierottiCavFreeEnergyProcessor::clear()... passed
checking PierottiCavFreeEnergyProcessor::PierottiCavFreeEnergyProcessor&amp; operator = (const PierottiCavFreeEnergyProcessor&amp; proc) + operator ==... passed
checking PierottiCavFreeEnergyProcessor::start()... passed
checking PierottiCavFreeEnergyProcessor / Methane... passed
PASSED
</system-out>
	</testcase>
	<testcase name="Pair6_12RDFIntegrator_test" classname="Pair6_12RDFIntegrator_test" time="0.0173999" status="run">
		<properties/>
		<system-out>Version: 1.6.0
checking Pair6_12RDFIntegrator::Pair6_12RDFIntegrator()... passed
checking Pair6_12RDFIntegrator::~Pair6_12RDFIntegrator()... passed
checking Pair6_12RDFIntegrator::Pair6_12RDFIntegrator(const Pair6_12RDFIntegrator&amp; integrator)... passed
checking Pair6_12RDFIntegrator::Pair6_12RDFIntegrator(double A, double B, double k1, k2, const RadialDistributionFunction&amp; rdf)... passed
checking Pair6_12RDFIntegrator::clear()... PiecewiseFunction::getCoefficients(): No coefficients defined.
passed
checking Pair6_12RDFIntegrator::Pair6_12RDFIntegrator&amp; operator = (const Pair6_12RDFIntegrator&amp; integrator)... passed
checking Pair6_12RDFIntegrator::setConstants(double A, double B, double k1, double k2)... passed
checking Pair6_12RDFIntegrator::getConstants(double A, double B, double k1, double k2)... passed
checking Pair6_12RDFIntegrator::integrateToInf(double from) const... passed
checking Pair6_12RDFIntegrator::integrateToInf(double from, double alpha, double C1, double C2, double R_ij_o, double k1, double k2)...
[This part of the test output was removed since it exceeds the threshold of 1024 bytes.]
</system-out>
	</testcase>
	<testcase name="Pair6_12InteractionEnergyProcessor_test" classname="Pair6_12InteractionEnergyProcessor_test" time="0.0326193" status="run">
		<properties/>
		<system-out>Version: 1.6.0
checking Pair6_12InteractionEnergyProcessor::Pair6_12InteractionEnergyProcessor()... passed
checking Pair6_12InteractionEnergyProcessor::~Pair6_12InteractionEnergyProcessor()... passed
checking Pair6_12InteractionEnergyProcessor::Pair6_12InteractionEnergyProcessor(const Pair6_12InteractionEnergyProcessor&amp; proc)... passed
checking Pair6_12InteractionEnergyProcessor::setSolventDescriptor()... passed
checking Pair6_12InteractionEnergyProcessor::setRDFParameters()... passed
checking Pair6_12InteractionEnergyProcessor::setRDFIntegrator()... passed
checking Pair6_12InteractionEnergyProcessor::clear()... passed
checking Pair6_12InteractionEnergyProcessor::operator = (const Pair6_12InteractionEnergyProcessor&amp; proc)... passed
checking Pair6_12InteractionEnergyProcessor::finish()... Using /tmp/ball-v160-test/test/data/6_12-test.solvent.ini as solvent description
Using /tmp/ball-v160-test/data/Amber/amber94.ini as LJ param file
Using a number density of 0.03348 (value taken from solvent descr.)
Using SAS ...
[This part of the test output was removed since it exceeds the threshold of 1024 bytes.]
</system-out>
	</testcase>
	<testcase name="PairExpInteractionEnergyProcessor_test" classname="PairExpInteractionEnergyProcessor_test" time="0.018204" status="run">
		<properties/>
		<system-out>Version: 1.6.0
checking PairExpInteractionEnergyProcessor::PairExpInteractionEnergyProcessor()... passed
checking PairExpInteractionEnergyProcessor::~PairExpInteractionEnergyProcessor()... passed
checking PairExpInteractionEnergyProcessor::PairExpInteractionEnergyProcessor(const PairExpInteractionEnergyProcessor&amp; proc)... passed
checking PairExpInteractionEnergyProcessor::destroy()... passed
checking PairExpInteractionEnergyProcessor::clear()... passed
checking PairExpInteractionEnergyProcessor::set(const PairExpInteractionEnergyProcessor&amp; proc)... passed
checking PairExpInteractionEnergyProcessor::operator = (const PairExpInteractionEnergyProcessor&amp; proc)... passed
checking PairExpInteractionEnergyProcessor::finish()... passed
checking PairExpInteractionEnergyProcessor::setRDF(const RadialDistributionFunction&amp; RDF)... passed
checking PairExpInteractionEnergyProcessor::computeClaverieParameters_(Atom::Type solvent_type, Atom::Type solute_type, std::pair&lt;float, float&gt;&amp; parameters)... passed
checking PairExpInt...
[This part of the test output was removed since it exceeds the threshold of 1024 bytes.]
</system-out>
	</testcase>
	<testcase name="PairExpRDFIntegrator_test" classname="PairExpRDFIntegrator_test" time="0.0186231" status="run">
		<properties/>
		<system-out>Version: 1.6.0
checking PairExpRDFIntegrator::PairExpRDFIntegrator()... passed
checking PairExpRDFIntegrator::~PairExpRDFIntegrator()... passed
checking PairExpRDFIntegrator::PairExpRDFIntegrator(const PairExpRDFIntegrator&amp; integrator)... passed
checking PairExpRDFIntegrator::PairExpRDFIntegrator(double alpha, double C1, double C2, double R_ij_o, double k1, double k2, const RadialDistributionFunction&amp; rdf)... passed
checking PairExpRDFIntegrator::clear()... PiecewiseFunction::getCoefficients(): No coefficients defined.
passed
checking PairExpRDFIntegrator::PairExpRDFIntegrator&amp; operator = (const PairExpRDFIntegrator&amp; integrator)... passed
checking PairExpRDFIntegrator::setConstants(double alpha, double C1, double C2, double R_ij_o, double k1, double k2)... passed
checking PairExpRDFIntegrator::integrateToInf(double from) const... passed
checking PairExpRDFIntegrator::integrateToInf(double from, double alpha, double C1, double C2, double R_ij_o, double k1, double k2)... passed
checking PairExpRDFIntegrator::in...
[This part of the test output was removed since it exceeds the threshold of 1024 bytes.]
</system-out>
	</testcase>
	<testcase name="PARSE_test" classname="PARSE_test" time="0.035474" status="run">
		<properties/>
		<system-out>Version: 1.6.0
checking "AlaGlySer: -CONH-, -OH, COO(-), NH3(+), aliphatic carbons with hydrogens"... passed
checking "AspGluAsnGlnArg: -COOH -CONH2 -CONH- -CNC-(NH2)2"... FragmentDB: cannot locate an appropriate name conversion table!
passed
checking "PheTyrTrpHisLys+.hin"... passed
checking "Cys-Asp-Glu-Tyr-His+Arg+.hin"... passed
checking "SerThrLysCysMet.hin"... passed
PASSED
</system-out>
	</testcase>
	<testcase name="AromaticityProcessor_test" classname="AromaticityProcessor_test" time="0.0206069" status="run">
		<properties/>
		<system-out>Version: 1.6.0
checking AromaticityProcessor... passed
PASSED
</system-out>
	</testcase>
	<testcase name="ConnectivityBase_test" classname="ConnectivityBase_test" time="0.0218852" status="run">
		<properties/>
		<system-out>Version: 1.6.0
checking ConnectivityBase... passed
PASSED
</system-out>
	</testcase>
	<testcase name="ConnectivityDescriptors_test" classname="ConnectivityDescriptors_test" time="0.0208126" status="run">
		<properties/>
		<system-out>Version: 1.6.0
checking ZagrebIndex... passed
checking BalabanIndexJ... passed
PASSED
</system-out>
	</testcase>
	<testcase name="Descriptor_test" classname="Descriptor_test" time="0.01943" status="run">
		<properties/>
		<system-out>Version: 1.6.0
checking Descriptor... passed
PASSED
</system-out>
	</testcase>
	<testcase name="Descriptors_test" classname="Descriptors_test" time="0.0209273" status="run">
		<properties/>
		<system-out>Version: 1.6.0
checking ZagrebIndex... passed
checking BalabanIndexJ... passed
PASSED
</system-out>
	</testcase>
	<testcase name="PartialChargeProcessor_test" classname="PartialChargeProcessor_test" time="0.0194678" status="run">
		<properties/>
		<system-out>Version: 1.6.0
checking PartialChargeProcessor... passed
PASSED
</system-out>
	</testcase>
	<testcase name="PartialChargeBase_test" classname="PartialChargeBase_test" time="0.0188605" status="run">
		<properties/>
		<system-out>Version: 1.6.0
checking PartialChargeBase... passed
PASSED
</system-out>
	</testcase>
	<testcase name="PartialChargeDescriptors_test" classname="PartialChargeDescriptors_test" time="0.0190869" status="run">
		<properties/>
		<system-out>Version: 1.6.0
checking TotalPositivePartialCharge... passed
checking TotalNegativePartialCharge... passed
checking RelPositivePartialCharge... passed
checking RelNegativePartialCharge... passed
PASSED
</system-out>
	</testcase>
	<testcase name="RingPerceptionProcessor_test" classname="RingPerceptionProcessor_test" time="0.0206677" status="run">
		<properties/>
		<system-out>Version: 1.6.0
checking RingPerceptionProcessor... passed
checking DNA... passed
PASSED
</system-out>
	</testcase>
	<testcase name="SimpleBase_test" classname="SimpleBase_test" time="0.021538" status="run">
		<properties/>
		<system-out>Version: 1.6.0
checking SimpleBase... passed
PASSED
</system-out>
	</testcase>
	<testcase name="SimpleDescriptors_test" classname="SimpleDescriptors_test" time="0.0220341" status="run">
		<properties/>
		<system-out>Version: 1.6.0
checking NumberOfBonds... passed
checking MolecularWeight... passed
checking NumberOfSingleBonds... passed
checking NumberOfDoubleBonds... passed
checking NumberOfTripleBonds... passed
checking NumberOfAromaticBonds... passed
checking NumberOfAtoms... passed
checking NumberOfBoron... passed
checking NumberOfCarbon... passed
checking NumberOfNitrogen... passed
checking NumberOfOxygen... passed
checking NumberOfFlourine... passed
checking NumberOfPhosphorus... passed
checking NumberOfSulfur... passed
checking NumberOfChlorine... passed
checking NumberOfBromine... passed
checking NumberOfIodine... passed
checking NumberOfHydrogen... passed
checking FormalCharge... passed
checking NumberOfHeavyAtoms... passed
checking MeanAtomInformationContent... passed
checking AtomInformationContent... passed
checking NumberOfRotatableSingleBonds... passed
checking RelNumberOfRotatableSingleBonds... passed
checking NumberOfAromaticAtoms... passed
checking NumberOfHeavyBonds... passed
checking NumberOfRotatableBo...
[This part of the test output was removed since it exceeds the threshold of 1024 bytes.]
</system-out>
	</testcase>
	<testcase name="SurfaceBase_test" classname="SurfaceBase_test" time="0.0288025" status="run">
		<properties/>
		<system-out>Version: 1.6.0
checking SurfaceBase... passed
PASSED
</system-out>
	</testcase>
	<testcase name="SurfaceDescriptors_test" classname="SurfaceDescriptors_test" time="0.0291991" status="run">
		<properties/>
		<system-out>Version: 1.6.0
checking PositiveVdWSurface... passed
checking NegativeVdWSurface... passed
checking PositivePolarVdWSurface... passed
checking NegativePolarVdWSurface... passed
checking HydrophobicVdWSurface... passed
checking PolarVdWSurface... passed
checking RelPositiveVdWSurface... passed
checking RelNegativeVdWSurface... passed
checking RelPositivePolarVdWSurface... passed
checking RelNegativePolarVdWSurface... passed
checking RelHydrophobicVdWSurface... passed
checking RelPolarVdWSurface... passed
checking VdWVolume... passed
checking Density... passed
checking VdWSurface... passed
PASSED
</system-out>
	</testcase>
	<testcase name="NBModel_test" classname="NBModel_test" time="0.0179348" status="run">
		<properties/>
		<system-out>Version: 1.6.0
checking NB-model... passed
PASSED
</system-out>
	</testcase>
	<testcase name="ALLModel_test" classname="ALLModel_test" time="0.0186102" status="run">
		<properties/>
		<system-out>Version: 1.6.0
checking ALL-model... passed
PASSED
</system-out>
	</testcase>
	<testcase name="FeatureSelection_test" classname="FeatureSelection_test" time="0.263673" status="run">
		<properties/>
		<system-out>Version: 1.6.0
checking RemoveColinearFeatures... passed
checking BackwardSelection... passed
checking StepwiseSelection... passed
checking ForwardSelection... passed
checking RemoveLowResponseCorrelation... passed
checking TwinScan... passed
PASSED
</system-out>
	</testcase>
	<testcase name="GPModel_test" classname="GPModel_test" time="0.0187063" status="run">
		<properties/>
		<system-out>Version: 1.6.0
checking GP-model... passed
PASSED
</system-out>
	</testcase>
	<testcase name="KNNModel_test" classname="KNNModel_test" time="0.018292" status="run">
		<properties/>
		<system-out>Version: 1.6.0
checking KNN-model... passed
PASSED
</system-out>
	</testcase>
	<testcase name="KPCRModel_test" classname="KPCRModel_test" time="0.0186439" status="run">
		<properties/>
		<system-out>Version: 1.6.0
checking KPCR-model... passed
PASSED
</system-out>
	</testcase>
	<testcase name="KPLSModel_test" classname="KPLSModel_test" time="0.0186397" status="run">
		<properties/>
		<system-out>Version: 1.6.0
checking KPLS-model... passed
PASSED
</system-out>
	</testcase>
	<testcase name="LDAModel_test" classname="LDAModel_test" time="0.0187337" status="run">
		<properties/>
		<system-out>Version: 1.6.0
checking LDA-model... passed
checking LDA-model2... passed
PASSED
</system-out>
	</testcase>
	<testcase name="MLRModel_test" classname="MLRModel_test" time="0.0186048" status="run">
		<properties/>
		<system-out>Version: 1.6.0
checking MLR-model... passed
PASSED
</system-out>
	</testcase>
	<testcase name="PCRModel_test" classname="PCRModel_test" time="0.0194045" status="run">
		<properties/>
		<system-out>Version: 1.6.0
checking PCR-model... passed
PASSED
</system-out>
	</testcase>
	<testcase name="PLSModel_test" classname="PLSModel_test" time="0.0174405" status="run">
		<properties/>
		<system-out>Version: 1.6.0
checking PLS-model... passed
PASSED
</system-out>
	</testcase>
	<testcase name="RRModel_test" classname="RRModel_test" time="0.0186458" status="run">
		<properties/>
		<system-out>Version: 1.6.0
checking RR-model training... passed
PASSED
</system-out>
	</testcase>
	<testcase name="SNBModel_test" classname="SNBModel_test" time="0.0181318" status="run">
		<properties/>
		<system-out>Version: 1.6.0
checking SNB-model... passed
PASSED
</system-out>
	</testcase>
	<testcase name="XDRPersistenceManager_test" classname="XDRPersistenceManager_test" time="0.0241784" status="run">
		<properties/>
		<system-out>Version: 1.6.0
checking XDRPersistenceManager() throw()... passed
checking ~XDRPersistenceManager()... passed
checking XDRPersistenceManager(std::ostream&amp; os) throw()... passed
checking XDRPersistenceManager(std::istream&amp; is) throw()... passed
checking XDRPersistenceManager(std::istream&amp; is, std::ostream&amp; os) throw()... passed
checking void writeHeader(const char* type_name, const char* name, PointerSizeUInt ptr) throw()... passed
checking bool checkHeader(const char* type_name, const char* name, PointerSizeUInt&amp; ptr) throw()... passed
checking void writeTrailer(const char* name = 0) throw()... passed
checking bool checkTrailer(const char* name = 0) throw()... passed
checking void writeStreamHeader() throw()... passed
checking void writeStreamTrailer() throw()... passed
checking bool checkStreamHeader() throw()... passed
checking bool checkStreamTrailer() throw()... passed
checking bool getObjectHeader(String&amp; type_name, PointerSizeUInt&amp; ptr) throw()... passed
checking void writeName(const char* name) throw()...
[This part of the test output was removed since it exceeds the threshold of 1024 bytes.]
</system-out>
	</testcase>
	<testcase name="BallAndStickModel_test" classname="BallAndStickModel_test" time="0.0262624" status="run">
		<properties/>
		<system-out>Version: 1.6.0
checking CSTR... passed
checking AddBallAndStickModel::BALL_CREATE(AddBallAndStickModel)... passed
checking AddBallAndStickModel::setBallRadius(const float radius)... passed
checking AddBallAndStickModel::getBallRadius() const throw()... passed
checking AddBallAndStickModel::setStickRadius(const float radius)... passed
checking AddBallAndStickModel::getStickRadius() const throw()... passed
checking AddBallAndStickModel::enableBallAndStickModel() throw()... passed
checking AddBallAndStickModel::enableStickModel() throw()... passed
checking AddBallAndStickModel::isBallAndStickModel() const throw()... passed
checking AddBallAndStickModel::isStickModel() const throw()... passed
checking AddBallAndStickModel::Processor::Result operator() (Composite&amp; composite)... passed
checking AddBallAndStickModel::dashedBondsEnabled() const throw()... passed
checking AddBallAndStickModel::dump(std::ostream&amp; s = std::cout, Size depth = 0) const throw()... passed
checking AddBallAndStickModel::Processor::Result ope...
[This part of the test output was removed since it exceeds the threshold of 1024 bytes.]
</system-out>
	</testcase>
	<testcase name="AddCartoonModel_test" classname="AddCartoonModel_test" time="0.0374027" status="run">
		<properties/>
		<system-out>Version: 1.6.0
checking AddCartoonModel::AddCartoonModel() throw()... passed
checking AddCartoonModel::AddCartoonModel(const AddCartoonModel&amp; cartoon_model) throw()... passed
checking AddCartoonModel::~AddCartoonModel() throw()... passed
checking AddCartoonModel::setHelixRadius(float radius) throw()... passed
checking AddCartoonModel::getHelixRadius()... passed
checking AddCartoonModel::setArrowWidth(float width) throw()... passed
checking AddCartoonModel::getArrowWidth()... passed
checking AddCartoonModel::setStrandHeight(float heigth) throw()... passed
checking AddCartoonModel::getStrandHeight()... passed
checking AddCartoonModel::setStrandWidth(float w) throw()... passed
checking AddCartoonModel::getStrandWidth()... passed
checking AddCartoonModel::setDNABaseRadius(float r) throw()... passed
checking AddCartoonModel::getDNABaseRadius()... passed
checking AddCartoonModel::setDNAHelixRadius(float r) throw()... passed
checking AddCartoonModel::getDNAHelixRadius()... passed
checking AddCartoonModel::setDNALadd...
[This part of the test output was removed since it exceeds the threshold of 1024 bytes.]
</system-out>
	</testcase>
	<testcase name="LabelModel_test" classname="LabelModel_test" time="0.0248691" status="run">
		<properties/>
		<system-out>Version: 1.6.0
checking CSTR... passed
checking LabelModel::BALL_CREATE(LabelModel)... passed
checking LabelModel::Processor::Result operator() (Composite&amp; composite)... passed
checking void setFont(const QFont&amp; font)... passed
checking const QFont&amp; getFont() const throw()... passed
checking void setText(const String&amp; text)... passed
checking const String&amp; getText() const... passed
checking void setMode(Mode mode) throw()... passed
checking void setColor(const ColorRGBA&amp; color)... passed
checking const ColorRGBA&amp; getColor() const throw()... passed
checking LabelModel::createGeometricObjects() throw()... passed
PASSED
</system-out>
	</testcase>
	<testcase name="LineModel_test" classname="LineModel_test" time="0.0249573" status="run">
		<properties/>
		<system-out>Version: 1.6.0
checking CSTR... passed
checking AddLineModel::BALL_CREATE(AddLineModel)... passed
checking AddLineModel::Processor::Result operator() (Composite&amp; composite)... passed
checking AddLineModel::createGeometricObjects() throw()... passed
PASSED
</system-out>
	</testcase>
	<testcase name="SurfaceModel_test" classname="SurfaceModel_test" time="0.105592" status="run">
		<properties/>
		<system-out>Version: 1.6.0
checking CSTR... passed
checking AddSurfaceModel::BALL_CREATE(AddSurfaceModel)... passed
checking AddSurfaceModel::setProbeRadius(float radius)... passed
checking AddSurfaceModel::getProbeRadius() const throw()... passed
checking AddSurfaceModel::Processor::Result operator() (Composite&amp; composite)... passed
checking AddSurfaceModel::createGeometricObjects() throw()... passed
PASSED
</system-out>
	</testcase>
	<testcase name="HBondModel_test" classname="HBondModel_test" time="0.0244486" status="run">
		<properties/>
		<system-out>Version: 1.6.0
checking CSTR... passed
checking HBondModelProcessor::BALL_CREATE(HBondModelProcessor)... passed
checking HBondModelProcessor::Processor::Result operator() (Composite&amp; composite)... passed
checking HBondModelProcessor::createGeometricObjects() throw()... passed
PASSED
</system-out>
	</testcase>
</testsuite>
